<?xml version="1.0" encoding="UTF-8"?>
<testsuite xmlns:xsi="http://www.w3.org/2001/XMLSchema-instance" xsi:noNamespaceSchemaLocation="https://maven.apache.org/surefire/maven-surefire-plugin/xsd/surefire-test-report.xsd" name="com.itheima.test.DaoTest" time="0.005" tests="0" errors="0" skipped="0" failures="0">
  <properties>
    <property name="sun.desktop" value="windows"/>
    <property name="awt.toolkit" value="sun.awt.windows.WToolkit"/>
    <property name="java.specification.version" value="11"/>
    <property name="sun.cpu.isalist" value="amd64"/>
    <property name="sun.jnu.encoding" value="GBK"/>
    <property name="java.class.path" value="D:\JavaEE_Code\JavaWeb\ssm_parent\ssm_dao\target\test-classes;D:\JavaEE_Code\JavaWeb\ssm_parent\ssm_dao\target\classes;D:\JavaEE_Code\JavaWeb\ssm_parent\ssm_model\target\ssm_parent.jar;C:\programs\apache-maven\repository\org\mybatis\mybatis\3.4.5\mybatis-3.4.5.jar;C:\programs\apache-maven\repository\org\mybatis\mybatis-spring\1.3.0\mybatis-spring-1.3.0.jar;C:\programs\apache-maven\repository\com\alibaba\druid\1.0.9\druid-1.0.9.jar;C:\programs\apache-maven\repository\mysql\mysql-connector-java\5.1.6\mysql-connector-java-5.1.6.jar;C:\programs\apache-maven\repository\org\springframework\spring-jdbc\5.0.2.RELEASE\spring-jdbc-5.0.2.RELEASE.jar;C:\programs\apache-maven\repository\org\springframework\spring-beans\5.0.2.RELEASE\spring-beans-5.0.2.RELEASE.jar;C:\programs\apache-maven\repository\org\springframework\spring-core\5.0.2.RELEASE\spring-core-5.0.2.RELEASE.jar;C:\programs\apache-maven\repository\org\springframework\spring-jcl\5.0.2.RELEASE\spring-jcl-5.0.2.RELEASE.jar;C:\programs\apache-maven\repository\org\springframework\spring-tx\5.0.2.RELEASE\spring-tx-5.0.2.RELEASE.jar;C:\programs\apache-maven\repository\org\slf4j\slf4j-log4j12\1.6.6\slf4j-log4j12-1.6.6.jar;C:\programs\apache-maven\repository\org\slf4j\slf4j-api\1.6.6\slf4j-api-1.6.6.jar;C:\programs\apache-maven\repository\log4j\log4j\1.2.17\log4j-1.2.17.jar;C:\programs\apache-maven\repository\org\springframework\spring-context\5.0.2.RELEASE\spring-context-5.0.2.RELEASE.jar;C:\programs\apache-maven\repository\org\springframework\spring-aop\5.0.2.RELEASE\spring-aop-5.0.2.RELEASE.jar;C:\programs\apache-maven\repository\org\springframework\spring-expression\5.0.2.RELEASE\spring-expression-5.0.2.RELEASE.jar;"/>
    <property name="java.vm.vendor" value="JetBrains s.r.o"/>
    <property name="sun.arch.data.model" value="64"/>
    <property name="user.variant" value=""/>
    <property name="java.vendor.url" value="https://www.jetbrains.com/"/>
    <property name="user.timezone" value="Asia/Shanghai"/>
    <property name="java.vm.specification.version" value="11"/>
    <property name="os.name" value="Windows 10"/>
    <property name="sun.java.launcher" value="SUN_STANDARD"/>
    <property name="user.country" value="CN"/>
    <property name="sun.boot.library.path" value="D:\IntelliJ IDEA 2019.3\jbr\bin"/>
    <property name="sun.java.command" value="C:\Users\PERSON~1\AppData\Local\Temp\surefire1222251648917305878\surefirebooter11991315824663438925.jar C:\Users\personguan\AppData\Local\Temp\surefire1222251648917305878 2020-11-03T11-19-45_744-jvmRun1 surefire11887518793417242721tmp surefire_015097904059505639969tmp"/>
    <property name="jdk.debug" value="release"/>
    <property name="surefire.test.class.path" value="D:\JavaEE_Code\JavaWeb\ssm_parent\ssm_dao\target\test-classes;D:\JavaEE_Code\JavaWeb\ssm_parent\ssm_dao\target\classes;D:\JavaEE_Code\JavaWeb\ssm_parent\ssm_model\target\ssm_parent.jar;C:\programs\apache-maven\repository\org\mybatis\mybatis\3.4.5\mybatis-3.4.5.jar;C:\programs\apache-maven\repository\org\mybatis\mybatis-spring\1.3.0\mybatis-spring-1.3.0.jar;C:\programs\apache-maven\repository\com\alibaba\druid\1.0.9\druid-1.0.9.jar;C:\programs\apache-maven\repository\mysql\mysql-connector-java\5.1.6\mysql-connector-java-5.1.6.jar;C:\programs\apache-maven\repository\org\springframework\spring-jdbc\5.0.2.RELEASE\spring-jdbc-5.0.2.RELEASE.jar;C:\programs\apache-maven\repository\org\springframework\spring-beans\5.0.2.RELEASE\spring-beans-5.0.2.RELEASE.jar;C:\programs\apache-maven\repository\org\springframework\spring-core\5.0.2.RELEASE\spring-core-5.0.2.RELEASE.jar;C:\programs\apache-maven\repository\org\springframework\spring-jcl\5.0.2.RELEASE\spring-jcl-5.0.2.RELEASE.jar;C:\programs\apache-maven\repository\org\springframework\spring-tx\5.0.2.RELEASE\spring-tx-5.0.2.RELEASE.jar;C:\programs\apache-maven\repository\org\slf4j\slf4j-log4j12\1.6.6\slf4j-log4j12-1.6.6.jar;C:\programs\apache-maven\repository\org\slf4j\slf4j-api\1.6.6\slf4j-api-1.6.6.jar;C:\programs\apache-maven\repository\log4j\log4j\1.2.17\log4j-1.2.17.jar;C:\programs\apache-maven\repository\org\springframework\spring-context\5.0.2.RELEASE\spring-context-5.0.2.RELEASE.jar;C:\programs\apache-maven\repository\org\springframework\spring-aop\5.0.2.RELEASE\spring-aop-5.0.2.RELEASE.jar;C:\programs\apache-maven\repository\org\springframework\spring-expression\5.0.2.RELEASE\spring-expression-5.0.2.RELEASE.jar;"/>
    <property name="sun.cpu.endian" value="little"/>
    <property name="user.home" value="C:\Users\personguan"/>
    <property name="user.language" value="zh"/>
    <property name="java.specification.vendor" value="Oracle Corporation"/>
    <property name="java.version.date" value="2019-07-16"/>
    <property name="java.home" value="D:\IntelliJ IDEA 2019.3\jbr"/>
    <property name="file.separator" value="\"/>
    <property name="basedir" value="D:\JavaEE_Code\JavaWeb\ssm_parent\ssm_dao"/>
    <property name="java.vm.compressedOopsMode" value="32-bit"/>
    <property name="line.separator" value="&#10;"/>
    <property name="java.specification.name" value="Java Platform API Specification"/>
    <property name="java.vm.specification.vendor" value="Oracle Corporation"/>
    <property name="java.awt.graphicsenv" value="sun.awt.Win32GraphicsEnvironment"/>
    <property name="surefire.real.class.path" value="C:\Users\PERSON~1\AppData\Local\Temp\surefire1222251648917305878\surefirebooter11991315824663438925.jar"/>
    <property name="user.script" value=""/>
    <property name="sun.management.compiler" value="HotSpot 64-Bit Tiered Compilers"/>
    <property name="java.runtime.version" value="11.0.4+10-b520.11"/>
    <property name="user.name" value="personguan"/>
    <property name="path.separator" value=";"/>
    <property name="os.version" value="10.0"/>
    <property name="java.runtime.name" value="OpenJDK Runtime Environment"/>
    <property name="file.encoding" value="GBK"/>
    <property name="java.vm.name" value="OpenJDK 64-Bit Server VM"/>
    <property name="localRepository" value="C:\programs\apache-maven\repository"/>
    <property name="java.vendor.url.bug" value="https://youtrack.jetbrains.com"/>
    <property name="java.io.tmpdir" value="C:\Users\PERSON~1\AppData\Local\Temp\"/>
    <property name="java.version" value="11.0.4"/>
    <property name="user.dir" value="D:\JavaEE_Code\JavaWeb\ssm_parent\ssm_dao"/>
    <property name="os.arch" value="amd64"/>
    <property name="java.vm.specification.name" value="Java Virtual Machine Specification"/>
    <property name="java.awt.printerjob" value="sun.awt.windows.WPrinterJob"/>
    <property name="sun.os.patch.level" value=""/>
    <property name="java.library.path" value="D:\IntelliJ IDEA 2019.3\jbr\bin;C:\WINDOWS\Sun\Java\bin;C:\WINDOWS\system32;C:\WINDOWS;C:\Program Files\Java\jdk1.8.0_212\bin;C:\WINDOWS\system32;C:\WINDOWS;C:\WINDOWS\System32\Wbem;C:\WINDOWS\System32\WindowsPowerShell\v1.0\;C:\WINDOWS\System32\OpenSSH\;C:\Program Files\Intel\WiFi\bin\;C:\Program Files\Common Files\Intel\WirelessCommon\;D:\Program Files\MySQL\MySQL Server 5.5\bin;C:\programs\apache-maven\apache-maven-3.5.4\bin;C:\Program Files (x86)\MySQL\MySQL Server 5.5\bin;C:\Programs\TortoiseGit\bin;D:\Program Files (x86)\Git\cmd;C:\Users\personguan\Python\Scripts\;C:\Users\personguan\Python\;C:\Users\personguan\Scripts\;C:\Users\personguan\;C:\Users\personguan\AppData\Local\Microsoft\WindowsApps;;."/>
    <property name="java.vendor" value="JetBrains s.r.o"/>
    <property name="java.vm.info" value="mixed mode, sharing"/>
    <property name="java.vm.version" value="11.0.4+10-b520.11"/>
    <property name="idea.version2019.3" value="true"/>
    <property name="sun.io.unicode.encoding" value="UnicodeLittle"/>
    <property name="maven.repo.local" value="C:\programs\apache-maven\repository"/>
    <property name="java.class.version" value="55.0"/>
  </properties>
</testsuite>